生成启动时间为 2014/7/12 12:12:56。
     1>项目“E:\vs\ImageTools\ImageTools\ImageTools.vcxproj”在节点 2 上(Build 个目标)。
     1>ClCompile:
         C:\Program Files (x86)\Microsoft Visual Studio 12.0\VC\bin\CL.exe /c /ZI /nologo /W3 /WX- /Od /Oy- /D WIN32 /D _DEBUG /D _CONSOLE /D _MBCS /Gm /EHsc /RTC1 /MTd /GS /fp:precise /Zc:wchar_t /Zc:forScope /Fo"Debug\\" /Fd"Debug\vc120.pdb" /Gd /TP /analyze- /errorReport:prompt ImageTest.cpp
         ImageTest.cpp
       Link:
         C:\Program Files (x86)\Microsoft Visual Studio 12.0\VC\bin\link.exe /ERRORREPORT:PROMPT /OUT:"E:\vs\ImageTools\Debug\ImageTools.exe" /INCREMENTAL /NOLOGO kernel32.lib user32.lib gdi32.lib winspool.lib comdlg32.lib advapi32.lib shell32.lib ole32.lib oleaut32.lib uuid.lib odbc32.lib odbccp32.lib /MANIFEST /MANIFESTUAC:"level='asInvoker' uiAccess='false'" /manifest:embed /DEBUG /PDB:"E:\vs\ImageTools\Debug\ImageTools.pdb" /TLBID:1 /DYNAMICBASE /NXCOMPAT /IMPLIB:"E:\vs\ImageTools\Debug\ImageTools.lib" /MACHINE:X86 Debug\ImageTools1.res
         Debug\AdaptiveWeight.obj
         Debug\ANCC.obj
         Debug\BPStereo.obj
         Debug\bvz.obj
         Debug\ColorConversion.obj
         Debug\corr.obj
         Debug\CostCalculate.obj
         Debug\CSVFile.obj
         Debug\Delaunay3D.obj
         Debug\Elas.obj
         Debug\Filter.obj
         Debug\Fouier.obj
         Debug\graph.obj
         Debug\Harris.obj
         Debug\ImageExpandTools.obj
         Debug\ImageProcess.obj
         Debug\ImageSegment.obj
         Debug\ImageTest.obj
         Debug\ImageTools.obj
         Debug\kz1.obj
         Debug\kz2.obj
         Debug\LFrame.obj
         Debug\Log.obj
         Debug\mincuts.obj
         Debug\MrfStereo.obj
         "Debug\BP-S.obj"
         Debug\GCoptimization.obj
         Debug\GraphCuts.obj
         Debug\ICM.obj
         Debug\LinkedBlockList.obj
         Debug\maxflow.obj
         Debug\MaxProdBP.obj
         Debug\mrf.obj
         "Debug\regions-maxprod.obj"
         "Debug\TRW-S.obj"
         Debug\opengl.obj
         Debug\PatchMatch.obj
         Debug\predicates.obj
         Debug\MinParticle.obj
         Debug\MinSwarm.obj
         Debug\Particle.obj
         Debug\PSOStereoMatch.obj
         Debug\Swarm.obj
         Debug\Reconstruction.obj
         Debug\sharpen.obj
         Debug\Sift.obj
         Debug\SLIC.obj
         Debug\StereoMatch.obj
         Debug\tetgen.obj
         Debug\tools.obj
         Debug\triangle.obj
         Debug\universe.obj
         ImageTools.vcxproj -> E:\vs\ImageTools\Debug\ImageTools.exe
     1>已完成生成项目“E:\vs\ImageTools\ImageTools\ImageTools.vcxproj”(Build 个目标)的操作。

生成成功。

已用时间 00:00:03.63
