e:\百度云\计算机视觉代码\imagetools\imagetools\debug\vc120.pdb
e:\百度云\计算机视觉代码\imagetools\imagetools\debug\vc120.idb
e:\百度云\计算机视觉代码\imagetools\imagetools\debug\maxprodbp.obj
e:\百度云\计算机视觉代码\imagetools\imagetools\debug\mrf.obj
e:\百度云\计算机视觉代码\imagetools\imagetools\debug\regions-maxprod.obj
e:\百度云\计算机视觉代码\imagetools\imagetools\debug\trw-s.obj
e:\百度云\计算机视觉代码\imagetools\imagetools\debug\opengl.obj
e:\百度云\计算机视觉代码\imagetools\imagetools\debug\predicates.obj
e:\百度云\计算机视觉代码\imagetools\imagetools\debug\minparticle.obj
e:\百度云\计算机视觉代码\imagetools\imagetools\debug\minswarm.obj
e:\百度云\计算机视觉代码\imagetools\imagetools\debug\particle.obj
e:\百度云\计算机视觉代码\imagetools\imagetools\debug\psostereomatch.obj
e:\百度云\计算机视觉代码\imagetools\imagetools\debug\swarm.obj
e:\百度云\计算机视觉代码\imagetools\imagetools\debug\reconstruction.obj
e:\百度云\计算机视觉代码\imagetools\imagetools\debug\sharpen.obj
e:\百度云\计算机视觉代码\imagetools\imagetools\debug\sift.obj
e:\百度云\计算机视觉代码\imagetools\imagetools\debug\slic.obj
e:\百度云\计算机视觉代码\imagetools\imagetools\debug\stereomatch.obj
e:\百度云\计算机视觉代码\imagetools\imagetools\debug\tetgen.obj
e:\百度云\计算机视觉代码\imagetools\imagetools\debug\tools.obj
e:\百度云\计算机视觉代码\imagetools\imagetools\debug\triangle.obj
e:\百度云\计算机视觉代码\imagetools\imagetools\debug\universe.obj
e:\百度云\计算机视觉代码\imagetools\imagetools\debug\fouier.obj
e:\百度云\计算机视觉代码\imagetools\imagetools\debug\graph.obj
e:\百度云\计算机视觉代码\imagetools\imagetools\debug\harris.obj
e:\百度云\计算机视觉代码\imagetools\imagetools\debug\imageexpandtools.obj
e:\百度云\计算机视觉代码\imagetools\imagetools\debug\imageprocess.obj
e:\百度云\计算机视觉代码\imagetools\imagetools\debug\imagesegment.obj
e:\百度云\计算机视觉代码\imagetools\imagetools\debug\imagetest.obj
e:\百度云\计算机视觉代码\imagetools\imagetools\debug\imagetools.obj
e:\百度云\计算机视觉代码\imagetools\imagetools\debug\kz1.obj
e:\百度云\计算机视觉代码\imagetools\imagetools\debug\kz2.obj
e:\百度云\计算机视觉代码\imagetools\imagetools\debug\lframe.obj
e:\百度云\计算机视觉代码\imagetools\imagetools\debug\log.obj
e:\百度云\计算机视觉代码\imagetools\imagetools\debug\mincuts.obj
e:\百度云\计算机视觉代码\imagetools\imagetools\debug\mrfstereo.obj
e:\百度云\计算机视觉代码\imagetools\imagetools\debug\bp-s.obj
e:\百度云\计算机视觉代码\imagetools\imagetools\debug\gcoptimization.obj
e:\百度云\计算机视觉代码\imagetools\imagetools\debug\graphcuts.obj
e:\百度云\计算机视觉代码\imagetools\imagetools\debug\icm.obj
e:\百度云\计算机视觉代码\imagetools\imagetools\debug\linkedblocklist.obj
e:\百度云\计算机视觉代码\imagetools\imagetools\debug\maxflow.obj
e:\百度云\计算机视觉代码\imagetools\imagetools\debug\adaptiveweight.obj
e:\百度云\计算机视觉代码\imagetools\imagetools\debug\ancc.obj
e:\百度云\计算机视觉代码\imagetools\imagetools\debug\bpstereo.obj
e:\百度云\计算机视觉代码\imagetools\imagetools\debug\bvz.obj
e:\百度云\计算机视觉代码\imagetools\imagetools\debug\colorconversion.obj
e:\百度云\计算机视觉代码\imagetools\imagetools\debug\corr.obj
e:\百度云\计算机视觉代码\imagetools\imagetools\debug\costcalculate.obj
e:\百度云\计算机视觉代码\imagetools\imagetools\debug\delaunay3d.obj
e:\百度云\计算机视觉代码\imagetools\imagetools\debug\elas.obj
e:\百度云\计算机视觉代码\imagetools\imagetools\debug\filter.obj
e:\百度云\计算机视觉代码\imagetools\debug\imagetools.ilk
e:\百度云\计算机视觉代码\imagetools\debug\imagetools.exe
e:\百度云\计算机视觉代码\imagetools\debug\imagetools.pdb
e:\百度云\计算机视觉代码\imagetools\imagetools\debug\imagetools1.res
e:\百度云\计算机视觉代码\imagetools\imagetools\debug\imagetools.tlog\cl.command.1.tlog
e:\百度云\计算机视觉代码\imagetools\imagetools\debug\imagetools.tlog\cl.read.1.tlog
e:\百度云\计算机视觉代码\imagetools\imagetools\debug\imagetools.tlog\cl.write.1.tlog
e:\百度云\计算机视觉代码\imagetools\imagetools\debug\imagetools.tlog\link.command.1.tlog
e:\百度云\计算机视觉代码\imagetools\imagetools\debug\imagetools.tlog\link.read.1.tlog
e:\百度云\计算机视觉代码\imagetools\imagetools\debug\imagetools.tlog\link.write.1.tlog
e:\百度云\计算机视觉代码\imagetools\imagetools\debug\imagetools.tlog\rc.command.1.tlog
e:\百度云\计算机视觉代码\imagetools\imagetools\debug\imagetools.tlog\rc.read.1.tlog
e:\百度云\计算机视觉代码\imagetools\imagetools\debug\imagetools.tlog\rc.write.1.tlog
