e:\百度云\计算机视觉代码\imagetools\imagetools\release\vc120.pdb
e:\百度云\计算机视觉代码\imagetools\imagetools\release\kz2.obj
e:\百度云\计算机视觉代码\imagetools\imagetools\release\kz1.obj
e:\百度云\计算机视觉代码\imagetools\imagetools\release\imagetools.obj
e:\百度云\计算机视觉代码\imagetools\imagetools\release\imagesegment.obj
e:\百度云\计算机视觉代码\imagetools\imagetools\release\imageprocess.obj
e:\百度云\计算机视觉代码\imagetools\imagetools\release\imageexpandtools.obj
e:\百度云\计算机视觉代码\imagetools\imagetools\release\harris.obj
e:\百度云\计算机视觉代码\imagetools\imagetools\release\graph.obj
e:\百度云\计算机视觉代码\imagetools\imagetools\release\fouier.obj
e:\百度云\计算机视觉代码\imagetools\imagetools\release\filter.obj
e:\百度云\计算机视觉代码\imagetools\imagetools\release\elas.obj
e:\百度云\计算机视觉代码\imagetools\imagetools\release\delaunay3d.obj
e:\百度云\计算机视觉代码\imagetools\imagetools\release\costcalculate.obj
e:\百度云\计算机视觉代码\imagetools\imagetools\release\corr.obj
e:\百度云\计算机视觉代码\imagetools\imagetools\release\colorconversion.obj
e:\百度云\计算机视觉代码\imagetools\imagetools\release\bvz.obj
e:\百度云\计算机视觉代码\imagetools\imagetools\release\bpstereo.obj
e:\百度云\计算机视觉代码\imagetools\imagetools\release\ancc.obj
e:\百度云\计算机视觉代码\imagetools\imagetools\release\adaptiveweight.obj
e:\百度云\计算机视觉代码\imagetools\imagetools\release\psostereomatch.obj
e:\百度云\计算机视觉代码\imagetools\imagetools\release\particle.obj
e:\百度云\计算机视觉代码\imagetools\imagetools\release\minswarm.obj
e:\百度云\计算机视觉代码\imagetools\imagetools\release\minparticle.obj
e:\百度云\计算机视觉代码\imagetools\imagetools\release\predicates.obj
e:\百度云\计算机视觉代码\imagetools\imagetools\release\opengl.obj
e:\百度云\计算机视觉代码\imagetools\imagetools\release\trw-s.obj
e:\百度云\计算机视觉代码\imagetools\imagetools\release\regions-maxprod.obj
e:\百度云\计算机视觉代码\imagetools\imagetools\release\mrf.obj
e:\百度云\计算机视觉代码\imagetools\imagetools\release\maxprodbp.obj
e:\百度云\计算机视觉代码\imagetools\imagetools\release\maxflow.obj
e:\百度云\计算机视觉代码\imagetools\imagetools\release\linkedblocklist.obj
e:\百度云\计算机视觉代码\imagetools\imagetools\release\icm.obj
e:\百度云\计算机视觉代码\imagetools\imagetools\release\graphcuts.obj
e:\百度云\计算机视觉代码\imagetools\imagetools\release\gcoptimization.obj
e:\百度云\计算机视觉代码\imagetools\imagetools\release\bp-s.obj
e:\百度云\计算机视觉代码\imagetools\imagetools\release\mrfstereo.obj
e:\百度云\计算机视觉代码\imagetools\imagetools\release\mincuts.obj
e:\百度云\计算机视觉代码\imagetools\imagetools\release\log.obj
e:\百度云\计算机视觉代码\imagetools\imagetools\release\lframe.obj
e:\百度云\计算机视觉代码\imagetools\imagetools\release\universe.obj
e:\百度云\计算机视觉代码\imagetools\imagetools\release\triangle.obj
e:\百度云\计算机视觉代码\imagetools\imagetools\release\tools.obj
e:\百度云\计算机视觉代码\imagetools\imagetools\release\tetgen.obj
e:\百度云\计算机视觉代码\imagetools\imagetools\release\stereomatch.obj
e:\百度云\计算机视觉代码\imagetools\imagetools\release\slic.obj
e:\百度云\计算机视觉代码\imagetools\imagetools\release\sift.obj
e:\百度云\计算机视觉代码\imagetools\imagetools\release\sharpen.obj
e:\百度云\计算机视觉代码\imagetools\imagetools\release\reconstruction.obj
e:\百度云\计算机视觉代码\imagetools\imagetools\release\swarm.obj
e:\百度云\计算机视觉代码\imagetools\imagetools\release\imagetest.obj
e:\百度云\计算机视觉代码\imagetools\release\imagetools.exe
e:\百度云\计算机视觉代码\imagetools\release\imagetools.pdb
e:\百度云\计算机视觉代码\imagetools\imagetools\release\imagetools1.res
e:\百度云\计算机视觉代码\imagetools\imagetools\release\imagetools.tlog\cl.command.1.tlog
e:\百度云\计算机视觉代码\imagetools\imagetools\release\imagetools.tlog\cl.read.1.tlog
e:\百度云\计算机视觉代码\imagetools\imagetools\release\imagetools.tlog\cl.write.1.tlog
e:\百度云\计算机视觉代码\imagetools\imagetools\release\imagetools.tlog\link.command.1.tlog
e:\百度云\计算机视觉代码\imagetools\imagetools\release\imagetools.tlog\link.read.1.tlog
e:\百度云\计算机视觉代码\imagetools\imagetools\release\imagetools.tlog\link.write.1.tlog
e:\百度云\计算机视觉代码\imagetools\imagetools\release\imagetools.tlog\rc.command.1.tlog
e:\百度云\计算机视觉代码\imagetools\imagetools\release\imagetools.tlog\rc.read.1.tlog
e:\百度云\计算机视觉代码\imagetools\imagetools\release\imagetools.tlog\rc.write.1.tlog
